{
  "0 debug pnpm:scope": {
    "selected": 1,
    "workspacePrefix": "/Users/marcel/source/repos/mono"
  },
  "1 error pnpm": {
    "errno": 1,
    "code": "ELIFECYCLE",
    "pkgid": "mono@0.0.0",
    "stage": "dev",
    "script": "turbo run dev --parallel",
    "pkgname": "mono",
    "err": {
      "name": "pnpm",
      "message": "mono@0.0.0 dev: `turbo run dev --parallel`\nExit status 1",
      "code": "ELIFECYCLE",
      "stack": "pnpm: mono@0.0.0 dev: `turbo run dev --parallel`\nExit status 1\n    at EventEmitter.<anonymous> (/Users/marcel/Library/pnpm/global/5/.pnpm/pnpm@7.3.0/node_modules/pnpm/dist/pnpm.cjs:108415:20)\n    at EventEmitter.emit (node:events:520:28)\n    at ChildProcess.<anonymous> (/Users/marcel/Library/pnpm/global/5/.pnpm/pnpm@7.3.0/node_modules/pnpm/dist/pnpm.cjs:94981:18)\n    at ChildProcess.emit (node:events:520:28)\n    at maybeClose (node:internal/child_process:1092:16)\n    at Process.ChildProcess._handle.onexit (node:internal/child_process:302:5)"
    }
  }
}